<?xml version="1.0" encoding="UTF-8" ?>
<testsuite failures="0" time="0.01" errors="0" skipped="0" tests="1" name="com.telenav.platform.AvroExample.AppTest">
  <properties>
    <property name="java.runtime.name" value="Java(TM) SE Runtime Environment"/>
    <property name="sun.boot.library.path" value="/System/Library/Java/JavaVirtualMachines/1.6.0.jdk/Contents/Libraries"/>
    <property name="java.vm.version" value="20.4-b02-402"/>
    <property name="awt.nativeDoubleBuffering" value="true"/>
    <property name="gopherProxySet" value="false"/>
    <property name="mrj.build" value="10M3527"/>
    <property name="java.vm.vendor" value="Apple Inc."/>
    <property name="java.vendor.url" value="http://www.apple.com/"/>
    <property name="path.separator" value=":"/>
    <property name="java.vm.name" value="Java HotSpot(TM) 64-Bit Server VM"/>
    <property name="file.encoding.pkg" value="sun.io"/>
    <property name="user.country" value="US"/>
    <property name="sun.java.launcher" value="SUN_STANDARD"/>
    <property name="sun.os.patch.level" value="unknown"/>
    <property name="java.vm.specification.name" value="Java Virtual Machine Specification"/>
    <property name="user.dir" value="/Users/snikhil/main/source/map/JavaProjects/avro_demo/AvroExample"/>
    <property name="java.runtime.version" value="1.6.0_29-b11-402-10M3527"/>
    <property name="java.awt.graphicsenv" value="apple.awt.CGraphicsEnvironment"/>
    <property name="basedir" value="/Users/snikhil/main/source/map/JavaProjects/avro_demo/AvroExample"/>
    <property name="java.endorsed.dirs" value="/System/Library/Java/JavaVirtualMachines/1.6.0.jdk/Contents/Home/lib/endorsed"/>
    <property name="os.arch" value="x86_64"/>
    <property name="surefire.real.class.path" value="/Users/snikhil/main/source/map/JavaProjects/avro_demo/AvroExample/target/surefire/surefirebooter6827605727274044506.jar"/>
    <property name="java.io.tmpdir" value="/var/folders/zp/zprAiSWIHJSq2Btxf5LM35xRn9Y/-Tmp-/"/>
    <property name="line.separator" value="
"/>
    <property name="java.vm.specification.vendor" value="Sun Microsystems Inc."/>
    <property name="os.name" value="Mac OS X"/>
    <property name="sun.jnu.encoding" value="MacRoman"/>
    <property name="java.library.path" value=".:/Library/Java/Extensions:/System/Library/Java/Extensions:/usr/lib/java"/>
    <property name="surefire.test.class.path" value="/Users/snikhil/main/source/map/JavaProjects/avro_demo/AvroExample/target/test-classes:/Users/snikhil/main/source/map/JavaProjects/avro_demo/AvroExample/target/classes:/Users/snikhil/.m2/repository/junit/junit/3.8.1/junit-3.8.1.jar:/Users/snikhil/.m2/repository/org/apache/hadoop/avro/1.3.1/avro-1.3.1.jar:/Users/snikhil/.m2/repository/org/codehaus/jackson/jackson-mapper-asl/1.4.2/jackson-mapper-asl-1.4.2.jar:/Users/snikhil/.m2/repository/org/codehaus/jackson/jackson-core-asl/1.4.2/jackson-core-asl-1.4.2.jar:/Users/snikhil/.m2/repository/org/slf4j/slf4j-api/1.5.11/slf4j-api-1.5.11.jar:/Users/snikhil/.m2/repository/com/thoughtworks/paranamer/paranamer/2.2/paranamer-2.2.jar:/Users/snikhil/.m2/repository/com/thoughtworks/paranamer/paranamer-ant/2.2/paranamer-ant-2.2.jar:/Users/snikhil/.m2/repository/com/thoughtworks/paranamer/paranamer-generator/2.2/paranamer-generator-2.2.jar:/Users/snikhil/.m2/repository/com/thoughtworks/qdox/qdox/1.10.1/qdox-1.10.1.jar:/Users/snikhil/.m2/repository/asm/asm/3.2/asm-3.2.jar:/Users/snikhil/.m2/repository/org/apache/ant/ant/1.7.1/ant-1.7.1.jar:/Users/snikhil/.m2/repository/org/apache/ant/ant-launcher/1.7.1/ant-launcher-1.7.1.jar:/Users/snikhil/.m2/repository/org/mortbay/jetty/jetty/6.1.22/jetty-6.1.22.jar:/Users/snikhil/.m2/repository/org/mortbay/jetty/jetty-util/6.1.22/jetty-util-6.1.22.jar:/Users/snikhil/.m2/repository/org/mortbay/jetty/servlet-api/2.5-20081211/servlet-api-2.5-20081211.jar:/Users/snikhil/.m2/repository/commons-lang/commons-lang/2.5/commons-lang-2.5.jar:"/>
    <property name="java.specification.name" value="Java Platform API Specification"/>
    <property name="java.class.version" value="50.0"/>
    <property name="sun.management.compiler" value="HotSpot 64-Bit Tiered Compilers"/>
    <property name="os.version" value="10.6.8"/>
    <property name="http.nonProxyHosts" value="local|*.local|169.254/16|*.169.254/16"/>
    <property name="user.home" value="/Users/snikhil"/>
    <property name="user.timezone" value=""/>
    <property name="java.awt.printerjob" value="apple.awt.CPrinterJob"/>
    <property name="java.specification.version" value="1.6"/>
    <property name="file.encoding" value="MacRoman"/>
    <property name="user.name" value="snikhil"/>
    <property name="java.class.path" value="/Users/snikhil/main/source/map/JavaProjects/avro_demo/AvroExample/target/test-classes:/Users/snikhil/main/source/map/JavaProjects/avro_demo/AvroExample/target/classes:/Users/snikhil/.m2/repository/junit/junit/3.8.1/junit-3.8.1.jar:/Users/snikhil/.m2/repository/org/apache/hadoop/avro/1.3.1/avro-1.3.1.jar:/Users/snikhil/.m2/repository/org/codehaus/jackson/jackson-mapper-asl/1.4.2/jackson-mapper-asl-1.4.2.jar:/Users/snikhil/.m2/repository/org/codehaus/jackson/jackson-core-asl/1.4.2/jackson-core-asl-1.4.2.jar:/Users/snikhil/.m2/repository/org/slf4j/slf4j-api/1.5.11/slf4j-api-1.5.11.jar:/Users/snikhil/.m2/repository/com/thoughtworks/paranamer/paranamer/2.2/paranamer-2.2.jar:/Users/snikhil/.m2/repository/com/thoughtworks/paranamer/paranamer-ant/2.2/paranamer-ant-2.2.jar:/Users/snikhil/.m2/repository/com/thoughtworks/paranamer/paranamer-generator/2.2/paranamer-generator-2.2.jar:/Users/snikhil/.m2/repository/com/thoughtworks/qdox/qdox/1.10.1/qdox-1.10.1.jar:/Users/snikhil/.m2/repository/asm/asm/3.2/asm-3.2.jar:/Users/snikhil/.m2/repository/org/apache/ant/ant/1.7.1/ant-1.7.1.jar:/Users/snikhil/.m2/repository/org/apache/ant/ant-launcher/1.7.1/ant-launcher-1.7.1.jar:/Users/snikhil/.m2/repository/org/mortbay/jetty/jetty/6.1.22/jetty-6.1.22.jar:/Users/snikhil/.m2/repository/org/mortbay/jetty/jetty-util/6.1.22/jetty-util-6.1.22.jar:/Users/snikhil/.m2/repository/org/mortbay/jetty/servlet-api/2.5-20081211/servlet-api-2.5-20081211.jar:/Users/snikhil/.m2/repository/commons-lang/commons-lang/2.5/commons-lang-2.5.jar:"/>
    <property name="java.vm.specification.version" value="1.0"/>
    <property name="sun.arch.data.model" value="64"/>
    <property name="java.home" value="/System/Library/Java/JavaVirtualMachines/1.6.0.jdk/Contents/Home"/>
    <property name="sun.java.command" value="/Users/snikhil/main/source/map/JavaProjects/avro_demo/AvroExample/target/surefire/surefirebooter6827605727274044506.jar /Users/snikhil/main/source/map/JavaProjects/avro_demo/AvroExample/target/surefire/surefire3205542519973725730tmp /Users/snikhil/main/source/map/JavaProjects/avro_demo/AvroExample/target/surefire/surefire8583840245613061891tmp"/>
    <property name="java.specification.vendor" value="Sun Microsystems Inc."/>
    <property name="user.language" value="en"/>
    <property name="awt.toolkit" value="apple.awt.CToolkit"/>
    <property name="java.vm.info" value="mixed mode"/>
    <property name="java.version" value="1.6.0_29"/>
    <property name="java.ext.dirs" value="/Library/Java/Extensions:/System/Library/Java/Extensions:/System/Library/Java/JavaVirtualMachines/1.6.0.jdk/Contents/Home/lib/ext"/>
    <property name="sun.boot.class.path" value="/System/Library/Java/JavaVirtualMachines/1.6.0.jdk/Contents/Classes/jsfd.jar:/System/Library/Java/JavaVirtualMachines/1.6.0.jdk/Contents/Classes/classes.jar:/System/Library/Frameworks/JavaVM.framework/Frameworks/JavaRuntimeSupport.framework/Resources/Java/JavaRuntimeSupport.jar:/System/Library/Java/JavaVirtualMachines/1.6.0.jdk/Contents/Classes/ui.jar:/System/Library/Java/JavaVirtualMachines/1.6.0.jdk/Contents/Classes/laf.jar:/System/Library/Java/JavaVirtualMachines/1.6.0.jdk/Contents/Classes/sunrsasign.jar:/System/Library/Java/JavaVirtualMachines/1.6.0.jdk/Contents/Classes/jsse.jar:/System/Library/Java/JavaVirtualMachines/1.6.0.jdk/Contents/Classes/jce.jar:/System/Library/Java/JavaVirtualMachines/1.6.0.jdk/Contents/Classes/charsets.jar"/>
    <property name="java.vendor" value="Apple Inc."/>
    <property name="localRepository" value="/Users/snikhil/.m2/repository"/>
    <property name="file.separator" value="/"/>
    <property name="java.vendor.url.bug" value="http://bugreport.apple.com/"/>
    <property name="sun.cpu.endian" value="little"/>
    <property name="sun.io.unicode.encoding" value="UnicodeLittle"/>
    <property name="mrj.version" value="1060.1.6.0_29-402"/>
    <property name="socksNonProxyHosts" value="local|*.local|169.254/16|*.169.254/16"/>
    <property name="ftp.nonProxyHosts" value="local|*.local|169.254/16|*.169.254/16"/>
    <property name="sun.cpu.isalist" value=""/>
  </properties>
  <testcase time="0.001" classname="com.telenav.platform.AvroExample.AppTest" name="testApp"/>
</testsuite>